{"level":"info","message":"Server running on port 3000","timestamp":"2025-06-10T20:31:46.914Z"}
{"error":{"code":"ETIMEOUT","name":"ConnectionError","originalError":{"code":"ETIMEOUT"}},"level":"error","message":"Database connection failed","timestamp":"2025-06-10T20:32:01.757Z"}
{"level":"info","message":"Server running on port 3000","timestamp":"2025-06-10T20:37:29.575Z"}
{"error":{"code":"ETIMEOUT","name":"ConnectionError","originalError":{"code":"ETIMEOUT"}},"level":"error","message":"Database connection failed","timestamp":"2025-06-10T20:37:44.416Z"}
{"level":"info","message":"Server running on port 3000","timestamp":"2025-06-10T20:38:22.492Z"}
{"error":{"code":"ETIMEOUT","name":"ConnectionError","originalError":{"code":"ETIMEOUT"}},"level":"error","message":"Database connection failed","timestamp":"2025-06-10T20:38:37.325Z"}
{"level":"info","message":"Server running on port 3000","timestamp":"2025-06-10T20:59:45.155Z"}
{"code":"ETIMEOUT","error":"Failed to connect to LAPTOP-VOB04PKA\\SQL_ANDERSON in 60000ms","level":"error","message":"Fallo en la conexión a la base de datos","timestamp":"2025-06-10T21:00:44.972Z"}
{"level":"info","message":"Server running on port 3000","timestamp":"2025-06-10T21:37:20.565Z"}
{"code":"ETIMEOUT","error":"Failed to connect to LAPTOP-VOB04PKA\\SQL_ANDERSON in 60000ms","level":"error","message":"Fallo en la conexión a la base de datos","timestamp":"2025-06-10T21:38:20.397Z"}
{"level":"info","message":"Server running on port 3000","timestamp":"2025-06-10T22:01:51.967Z"}
{"code":"ETIMEOUT","error":"Failed to connect to LAPTOP-VOB04PKA\\SQL_ANDERSON in 60000ms","level":"error","message":"Fallo en la conexión a la base de datos","timestamp":"2025-06-10T22:02:51.761Z"}
{"level":"info","message":"Server running on port 3000","timestamp":"2025-06-10T23:28:48.300Z"}
{"code":"ESOCKET","error":"Failed to connect to LAPTOP-VOB04PKA:1433 - Could not connect (sequence)","level":"error","message":"Fallo en la conexión a la base de datos","timestamp":"2025-06-10T23:28:52.382Z"}
{"level":"info","message":"Server running on port 3000","timestamp":"2025-06-10T23:35:25.259Z"}
{"code":"ESOCKET","error":"Failed to connect to LAPTOP-VOB04PKA:1433 - Could not connect (sequence)","level":"error","message":"Fallo en la conexión a la base de datos","timestamp":"2025-06-10T23:35:29.340Z"}
{"level":"info","message":"Server running on port 3000","timestamp":"2025-06-10T23:38:00.315Z"}
{"code":"ESOCKET","error":"Failed to connect to LAPTOP-VOB04PKA:1433 - Could not connect (sequence)","level":"error","message":"Fallo en la conexión a la base de datos","timestamp":"2025-06-10T23:38:04.379Z"}
{"level":"info","message":"Server running on port 3000","timestamp":"2025-06-10T23:46:04.678Z"}
{"code":"ESOCKET","error":"Failed to connect to LAPTOP-VOB04PKA:1433 - Could not connect (sequence)","level":"error","message":"Fallo en la conexión a la base de datos","timestamp":"2025-06-10T23:46:08.760Z"}
{"level":"info","message":"Server running on port 3000","timestamp":"2025-06-10T23:53:28.793Z"}
{"code":"ESOCKET","error":"Failed to connect to LAPTOP-VOB04PKA:1433 - Could not connect (sequence)","level":"error","message":"Fallo en la conexión a la base de datos","timestamp":"2025-06-10T23:53:32.896Z"}
{"level":"info","message":"Server running on port 3000","timestamp":"2025-06-10T23:57:17.061Z"}
{"level":"info","message":"Server running on port 3000","timestamp":"2025-06-11T00:01:06.565Z"}
{"level":"info","message":"Server running on port 3000","timestamp":"2025-06-11T00:02:53.253Z"}
{"level":"info","message":"Server running on port 3000","timestamp":"2025-06-11T00:02:59.080Z"}
{"level":"info","message":"Server running on port 3000","timestamp":"2025-06-11T00:03:21.620Z"}
{"level":"info","message":"Server running on port 3000","timestamp":"2025-06-11T00:03:53.254Z"}
{"level":"info","message":"Server running on port 3000","timestamp":"2025-06-11T00:14:56.592Z"}
{"level":"info","message":"Server running on port 3000","timestamp":"2025-06-11T00:19:47.755Z"}
{"level":"info","message":"Server running on port 3000","timestamp":"2025-06-11T00:19:53.142Z"}
{"level":"info","message":"Server running on port 3000","timestamp":"2025-06-11T00:24:26.431Z"}
{"level":"info","message":"Server running on port 3000","timestamp":"2025-06-11T00:25:08.700Z"}
{"level":"info","message":"Conectado a SQL Server","timestamp":"2025-06-11T00:25:08.707Z"}
{"level":"info","message":"Server running on port 3000","timestamp":"2025-06-11T00:29:37.298Z"}
{"level":"info","message":"✅ Conectado a SQL Server","timestamp":"2025-06-11T00:29:37.304Z"}
{"level":"info","message":"Server running on port 3000","timestamp":"2025-06-11T00:37:57.438Z"}
{"level":"info","message":"✅ Conectado a SQL Server","timestamp":"2025-06-11T00:37:57.444Z"}
{"level":"info","message":"Server running on port 3000","timestamp":"2025-06-11T00:38:13.882Z"}
{"level":"info","message":"✅ Conectado a SQL Server","timestamp":"2025-06-11T00:38:13.889Z"}
{"level":"info","message":"Server running on port 3000","timestamp":"2025-06-11T01:02:47.136Z"}
{"level":"info","message":"✅ Conectado a SQL Server","timestamp":"2025-06-11T01:02:47.142Z"}
{"ip":"::1","level":"info","message":"GET /","params":{},"query":{},"timestamp":"2025-06-11T01:03:10.235Z"}
{"ip":"::1","level":"info","message":"GET /","params":{},"query":{},"timestamp":"2025-06-11T01:03:14.474Z"}
{"ip":"::1","level":"info","message":"GET /api-docs","params":{},"query":{},"timestamp":"2025-06-11T01:03:28.700Z"}
{"ip":"::1","level":"info","message":"GET /api-docs","params":{},"query":{},"timestamp":"2025-06-11T01:03:42.918Z"}
{"ip":"::1","level":"info","message":"GET /","params":{},"query":{},"timestamp":"2025-06-11T01:05:35.797Z"}
{"level":"info","message":"Server running on port 3000","timestamp":"2025-06-11T01:05:40.616Z"}
{"level":"info","message":"✅ Conectado a SQL Server","timestamp":"2025-06-11T01:05:40.622Z"}
{"ip":"::1","level":"info","message":"GET /","params":{},"query":{},"timestamp":"2025-06-11T01:05:43.777Z"}
{"ip":"::1","level":"info","message":"GET /","params":{},"query":{},"timestamp":"2025-06-11T01:06:29.283Z"}
{"level":"info","message":"Server running on port 3000","timestamp":"2025-06-11T01:06:34.210Z"}
{"level":"info","message":"✅ Conectado a SQL Server","timestamp":"2025-06-11T01:06:34.216Z"}
{"level":"info","message":"Server running on port 3000","timestamp":"2025-06-11T01:06:43.555Z"}
{"level":"info","message":"✅ Conectado a SQL Server","timestamp":"2025-06-11T01:06:43.563Z"}
{"ip":"::1","level":"info","message":"GET /api/users","params":{},"query":{},"timestamp":"2025-06-11T01:07:34.463Z"}
{"ip":"::1","level":"info","message":"GET /api/children","params":{},"query":{},"timestamp":"2025-06-11T01:07:51.404Z"}
{"ip":"::1","level":"info","message":"GET /status","params":{},"query":{},"timestamp":"2025-06-11T01:08:59.772Z"}
{"level":"info","message":"✅ Conectado a SQL Server","timestamp":"2025-06-11T01:09:39.179Z"}
{"level":"info","message":"✅ Conectado a SQL Server","timestamp":"2025-06-11T01:09:59.203Z"}
{"level":"info","message":"Server running on port 3000","timestamp":"2025-06-11T01:10:27.875Z"}
{"level":"info","message":"✅ Conectado a SQL Server","timestamp":"2025-06-11T01:10:27.881Z"}
{"level":"info","message":"✅ Conectado a SQL Server","timestamp":"2025-06-11T01:10:47.467Z"}
{"level":"info","message":"Server running on port 3000","timestamp":"2025-06-11T01:15:01.626Z"}
{"level":"info","message":"✅ Conectado a SQL Server","timestamp":"2025-06-11T01:15:01.635Z"}
{"level":"info","message":"Server running on port 3000","timestamp":"2025-06-11T01:16:12.989Z"}
{"level":"info","message":"✅ Conectado a SQL Server","timestamp":"2025-06-11T01:16:12.995Z"}
{"level":"info","message":"Server running on port 3000","timestamp":"2025-06-11T01:17:05.883Z"}
{"level":"info","message":"✅ Conectado a SQL Server","timestamp":"2025-06-11T01:17:05.890Z"}
{"ip":"::1","level":"info","message":"GET /","params":{},"query":{},"timestamp":"2025-06-11T01:17:37.093Z"}
{"level":"info","message":"Server running on port 3000","timestamp":"2025-06-11T01:22:48.852Z"}
{"level":"info","message":"✅ Conectado a SQL Server","timestamp":"2025-06-11T01:22:48.857Z"}
{"ip":"::1","level":"info","message":"GET /test-swagger","params":{},"query":{},"timestamp":"2025-06-11T01:23:00.628Z"}
{"level":"info","message":"Server running on port 3000","timestamp":"2025-06-11T01:23:07.005Z"}
{"level":"info","message":"✅ Conectado a SQL Server","timestamp":"2025-06-11T01:23:07.010Z"}
{"ip":"::1","level":"info","message":"GET /test-swagger","params":{},"query":{},"timestamp":"2025-06-11T01:23:09.959Z"}
{"ip":"::1","level":"info","message":"GET /test-swagger","params":{},"query":{},"timestamp":"2025-06-11T01:23:15.069Z"}
{"level":"info","message":"Server running on port 3000","timestamp":"2025-06-11T01:29:21.834Z"}
{"level":"info","message":"✅ Conectado a SQL Server","timestamp":"2025-06-11T01:29:21.839Z"}
{"ip":"::1","level":"info","message":"GET /test-swagger","params":{},"query":{},"timestamp":"2025-06-11T01:29:29.096Z"}
{"ip":"::1","level":"info","message":"GET /test-swagger","params":{},"query":{},"timestamp":"2025-06-11T01:30:55.292Z"}
{"level":"info","message":"Server running on port 3000","timestamp":"2025-06-11T01:39:15.431Z"}
{"level":"info","message":"Server running on port 3000","timestamp":"2025-06-11T01:39:53.371Z"}
{"level":"info","message":"Conectado a SQL Server","timestamp":"2025-06-11T01:39:53.377Z"}
{"ip":"::1","level":"info","message":"GET /docs","params":{},"query":{},"timestamp":"2025-06-11T01:41:12.179Z"}
{"ip":"::1","level":"info","message":"GET /api/","params":{},"query":{},"timestamp":"2025-06-11T01:41:52.975Z"}
{"level":"info","message":"Server running on port 3000","timestamp":"2025-06-11T01:46:12.517Z"}
{"level":"info","message":"✅ Conectado a SQL Server","timestamp":"2025-06-11T01:46:12.523Z"}
{"ip":"::1","level":"info","message":"GET /test-swagger","params":{},"query":{},"timestamp":"2025-06-11T01:46:19.445Z"}
{"ip":"::1","level":"info","message":"GET /favicon.ico","params":{},"query":{},"timestamp":"2025-06-11T01:46:21.495Z"}
{"ip":"::1","level":"info","message":"GET /api/","params":{},"query":{},"timestamp":"2025-06-11T01:46:25.228Z"}
{"ip":"::1","level":"info","message":"GET /api","params":{},"query":{},"timestamp":"2025-06-11T01:46:30.352Z"}
{"ip":"::1","level":"info","message":"GET /","params":{},"query":{},"timestamp":"2025-06-11T01:46:34.383Z"}
{"ip":"::1","level":"info","message":"GET /","params":{},"query":{},"timestamp":"2025-06-11T01:46:36.759Z"}
{"ip":"::1","level":"info","message":"GET /test-swagger","params":{},"query":{},"timestamp":"2025-06-11T01:46:48.681Z"}
{"ip":"::1","level":"info","message":"GET /api","params":{},"query":{},"timestamp":"2025-06-11T01:47:12.912Z"}
{"ip":"::1","level":"info","message":"GET /api/","params":{},"query":{},"timestamp":"2025-06-11T01:47:16.399Z"}
{"ip":"::1","level":"info","message":"GET /api-docs","params":{},"query":{},"timestamp":"2025-06-11T01:47:33.793Z"}
{"ip":"::1","level":"info","message":"GET /api-docs/","params":{},"query":{},"timestamp":"2025-06-11T01:47:33.800Z"}
{"ip":"::1","level":"info","message":"GET /api-docs/swagger-ui.css","params":{},"query":{},"timestamp":"2025-06-11T01:47:33.844Z"}
{"ip":"::1","level":"info","message":"GET /api-docs/swagger-ui-bundle.js","params":{},"query":{},"timestamp":"2025-06-11T01:47:33.849Z"}
{"ip":"::1","level":"info","message":"GET /api-docs/swagger-ui-init.js","params":{},"query":{},"timestamp":"2025-06-11T01:47:33.850Z"}
{"ip":"::1","level":"info","message":"GET /api-docs/swagger-ui-standalone-preset.js","params":{},"query":{},"timestamp":"2025-06-11T01:47:33.852Z"}
{"ip":"::1","level":"info","message":"GET /api-docs/favicon-32x32.png","params":{},"query":{},"timestamp":"2025-06-11T01:47:34.774Z"}
{"ip":"::1","level":"info","message":"GET /api-docs/","params":{},"query":{},"timestamp":"2025-06-11T01:49:50.093Z"}
{"ip":"::1","level":"info","message":"GET /api-docs/","params":{},"query":{},"timestamp":"2025-06-11T01:49:57.947Z"}
{"ip":"::1","level":"info","message":"GET /api-docs/swagger-ui.css","params":{},"query":{},"timestamp":"2025-06-11T01:49:57.988Z"}
{"ip":"::1","level":"info","message":"GET /api-docs/swagger-ui-init.js","params":{},"query":{},"timestamp":"2025-06-11T01:49:57.996Z"}
{"ip":"::1","level":"info","message":"GET /api-docs/swagger-ui-bundle.js","params":{},"query":{},"timestamp":"2025-06-11T01:49:57.998Z"}
{"ip":"::1","level":"info","message":"GET /api-docs/swagger-ui-standalone-preset.js","params":{},"query":{},"timestamp":"2025-06-11T01:49:58.000Z"}
{"level":"info","message":"Server running on port 3000","timestamp":"2025-06-11T01:56:20.568Z"}
{"level":"info","message":"✅ Conectado a SQL Server","timestamp":"2025-06-11T01:56:20.573Z"}
{"ip":"::1","level":"info","message":"GET /api-docs/","params":{},"query":{},"timestamp":"2025-06-11T01:56:30.005Z"}
{"ip":"::1","level":"info","message":"GET /api-docs/swagger-ui.css","params":{},"query":{},"timestamp":"2025-06-11T01:56:30.076Z"}
{"ip":"::1","level":"info","message":"GET /api-docs/swagger-ui-bundle.js","params":{},"query":{},"timestamp":"2025-06-11T01:56:30.085Z"}
{"ip":"::1","level":"info","message":"GET /api-docs/swagger-ui-standalone-preset.js","params":{},"query":{},"timestamp":"2025-06-11T01:56:30.087Z"}
{"ip":"::1","level":"info","message":"GET /api-docs/swagger-ui-init.js","params":{},"query":{},"timestamp":"2025-06-11T01:56:30.088Z"}
{"ip":"::1","level":"info","message":"GET /api-docs/favicon-32x32.png","params":{},"query":{},"timestamp":"2025-06-11T01:56:32.235Z"}
{"level":"info","message":"Server running on port 3000","timestamp":"2025-06-11T01:57:46.485Z"}
{"level":"info","message":"✅ Conectado a SQL Server","timestamp":"2025-06-11T01:57:46.491Z"}
{"ip":"::1","level":"info","message":"GET /api-docs/","params":{},"query":{},"timestamp":"2025-06-11T01:57:51.590Z"}
{"ip":"::1","level":"info","message":"GET /api-docs/swagger-ui.css","params":{},"query":{},"timestamp":"2025-06-11T01:57:51.650Z"}
{"ip":"::1","level":"info","message":"GET /api-docs/swagger-ui-init.js","params":{},"query":{},"timestamp":"2025-06-11T01:57:51.657Z"}
{"ip":"::1","level":"info","message":"GET /api-docs/swagger-ui-bundle.js","params":{},"query":{},"timestamp":"2025-06-11T01:57:51.660Z"}
{"ip":"::1","level":"info","message":"GET /api-docs/swagger-ui-standalone-preset.js","params":{},"query":{},"timestamp":"2025-06-11T01:57:51.661Z"}
{"ip":"::1","level":"info","message":"GET /api-docs/favicon-32x32.png","params":{},"query":{},"timestamp":"2025-06-11T01:57:52.564Z"}
{"level":"info","message":"Server running on port 3000","timestamp":"2025-06-11T01:59:45.085Z"}
{"level":"info","message":"✅ Conectado a SQL Server","timestamp":"2025-06-11T01:59:45.091Z"}
{"ip":"::1","level":"info","message":"GET /api-docs/","params":{},"query":{},"timestamp":"2025-06-11T01:59:48.892Z"}
{"ip":"::1","level":"info","message":"GET /api-docs/swagger-ui.css","params":{},"query":{},"timestamp":"2025-06-11T01:59:48.951Z"}
{"ip":"::1","level":"info","message":"GET /api-docs/swagger-ui-bundle.js","params":{},"query":{},"timestamp":"2025-06-11T01:59:48.955Z"}
{"ip":"::1","level":"info","message":"GET /api-docs/swagger-ui-standalone-preset.js","params":{},"query":{},"timestamp":"2025-06-11T01:59:48.960Z"}
{"ip":"::1","level":"info","message":"GET /api-docs/swagger-ui-init.js","params":{},"query":{},"timestamp":"2025-06-11T01:59:48.961Z"}
{"ip":"::1","level":"info","message":"GET /api-docs/favicon-32x32.png","params":{},"query":{},"timestamp":"2025-06-11T01:59:49.901Z"}
{"level":"info","message":"Server running on port 3000","timestamp":"2025-06-11T02:06:17.554Z"}
{"level":"info","message":"✅ Conectado a SQL Server","timestamp":"2025-06-11T02:06:17.560Z"}
{"ip":"::1","level":"info","message":"GET /api-docs/","params":{},"query":{},"timestamp":"2025-06-11T02:06:21.608Z"}
{"ip":"::1","level":"info","message":"GET /api-docs/swagger-ui.css","params":{},"query":{},"timestamp":"2025-06-11T02:06:21.674Z"}
{"ip":"::1","level":"info","message":"GET /api-docs/swagger-ui-init.js","params":{},"query":{},"timestamp":"2025-06-11T02:06:21.683Z"}
{"ip":"::1","level":"info","message":"GET /api-docs/swagger-ui-bundle.js","params":{},"query":{},"timestamp":"2025-06-11T02:06:21.686Z"}
{"ip":"::1","level":"info","message":"GET /api-docs/swagger-ui-standalone-preset.js","params":{},"query":{},"timestamp":"2025-06-11T02:06:21.687Z"}
{"ip":"::1","level":"info","message":"GET /api-docs/favicon-32x32.png","params":{},"query":{},"timestamp":"2025-06-11T02:06:23.901Z"}
{"ip":"::1","level":"info","message":"GET /test-swagger","params":{},"query":{},"timestamp":"2025-06-11T02:06:51.664Z"}
{"ip":"::1","level":"info","message":"GET /api-docs/","params":{},"query":{},"timestamp":"2025-06-11T02:07:23.328Z"}
{"ip":"::1","level":"info","message":"GET /api-docs/swagger-ui.css","params":{},"query":{},"timestamp":"2025-06-11T02:07:23.395Z"}
{"ip":"::1","level":"info","message":"GET /api-docs/swagger-ui-bundle.js","params":{},"query":{},"timestamp":"2025-06-11T02:07:23.409Z"}
{"ip":"::1","level":"info","message":"GET /api-docs/swagger-ui-standalone-preset.js","params":{},"query":{},"timestamp":"2025-06-11T02:07:23.412Z"}
{"ip":"::1","level":"info","message":"GET /api-docs/swagger-ui-init.js","params":{},"query":{},"timestamp":"2025-06-11T02:07:23.414Z"}
{"level":"info","message":"Server running on port 3000","timestamp":"2025-06-11T02:08:34.347Z"}
{"level":"info","message":"✅ Conectado a SQL Server","timestamp":"2025-06-11T02:08:34.353Z"}
{"ip":"::1","level":"info","message":"GET /test-swagger","params":{},"query":{},"timestamp":"2025-06-11T02:08:37.356Z"}
{"ip":"::1","level":"info","message":"GET /api-docs/","params":{},"query":{},"timestamp":"2025-06-11T02:08:46.194Z"}
{"ip":"::1","level":"info","message":"GET /api-docs/swagger-ui.css","params":{},"query":{},"timestamp":"2025-06-11T02:08:46.230Z"}
{"ip":"::1","level":"info","message":"GET /api-docs/swagger-ui-bundle.js","params":{},"query":{},"timestamp":"2025-06-11T02:08:46.233Z"}
{"ip":"::1","level":"info","message":"GET /api-docs/swagger-ui-standalone-preset.js","params":{},"query":{},"timestamp":"2025-06-11T02:08:46.236Z"}
{"ip":"::1","level":"info","message":"GET /api-docs/swagger-ui-init.js","params":{},"query":{},"timestamp":"2025-06-11T02:08:46.237Z"}
{"level":"info","message":"Server running on port 3000","timestamp":"2025-06-11T02:08:59.172Z"}
{"level":"info","message":"✅ Conectado a SQL Server","timestamp":"2025-06-11T02:08:59.178Z"}
{"ip":"::1","level":"info","message":"GET /api-docs/","params":{},"query":{},"timestamp":"2025-06-11T02:09:01.562Z"}
{"ip":"::1","level":"info","message":"GET /api-docs/swagger-ui.css","params":{},"query":{},"timestamp":"2025-06-11T02:09:01.614Z"}
{"ip":"::1","level":"info","message":"GET /api-docs/swagger-ui-bundle.js","params":{},"query":{},"timestamp":"2025-06-11T02:09:01.620Z"}
{"ip":"::1","level":"info","message":"GET /api-docs/swagger-ui-standalone-preset.js","params":{},"query":{},"timestamp":"2025-06-11T02:09:01.622Z"}
{"ip":"::1","level":"info","message":"GET /api-docs/swagger-ui-init.js","params":{},"query":{},"timestamp":"2025-06-11T02:09:01.622Z"}
{"ip":"::1","level":"info","message":"GET /api-docs/favicon-32x32.png","params":{},"query":{},"timestamp":"2025-06-11T02:09:02.490Z"}
{"ip":"::1","level":"info","message":"GET /api/reports","params":{},"query":{},"timestamp":"2025-06-11T02:10:50.836Z"}
{"level":"error","message":"Authentication required - GET /api/reports","params":{},"query":{},"stack":"Error: Authentication required\n    at authenticate (C:\\Users\\tiffa\\sistema-vacunacion-backend\\src\\middleware\\auth.js:6:19)\n    at Layer.handleRequest (C:\\Users\\tiffa\\sistema-vacunacion-backend\\src\\node_modules\\router\\lib\\layer.js:152:17)\n    at trimPrefix (C:\\Users\\tiffa\\sistema-vacunacion-backend\\src\\node_modules\\router\\index.js:342:13)\n    at C:\\Users\\tiffa\\sistema-vacunacion-backend\\src\\node_modules\\router\\index.js:297:9\n    at processParams (C:\\Users\\tiffa\\sistema-vacunacion-backend\\src\\node_modules\\router\\index.js:582:12)\n    at next (C:\\Users\\tiffa\\sistema-vacunacion-backend\\src\\node_modules\\router\\index.js:291:5)\n    at C:\\Users\\tiffa\\sistema-vacunacion-backend\\src\\index.js:45:3\n    at Layer.handleRequest (C:\\Users\\tiffa\\sistema-vacunacion-backend\\src\\node_modules\\router\\lib\\layer.js:152:17)\n    at trimPrefix (C:\\Users\\tiffa\\sistema-vacunacion-backend\\src\\node_modules\\router\\index.js:342:13)\n    at C:\\Users\\tiffa\\sistema-vacunacion-backend\\src\\node_modules\\router\\index.js:297:9","timestamp":"2025-06-11T02:10:50.838Z"}
{"ip":"::1","level":"info","message":"GET /api/children","params":{},"query":{},"timestamp":"2025-06-11T02:11:05.517Z"}
{"ip":"::1","level":"info","message":"GET /api/children","params":{},"query":{},"timestamp":"2025-06-11T02:11:21.393Z"}
{"level":"info","message":"Server running on port 3000","timestamp":"2025-06-11T07:47:55.461Z"}
{"level":"info","message":"✅ Conectado a SQL Server","timestamp":"2025-06-11T07:47:55.469Z"}
{"ip":"::1","level":"info","message":"GET /api/","params":{},"query":{},"timestamp":"2025-06-11T07:48:08.115Z"}
{"ip":"::1","level":"info","message":"GET /api","params":{},"query":{},"timestamp":"2025-06-11T07:48:12.293Z"}
{"ip":"::1","level":"info","message":"GET /api-docs/","params":{},"query":{},"timestamp":"2025-06-11T07:48:16.166Z"}
{"ip":"::1","level":"info","message":"GET /api-docs/swagger-ui.css","params":{},"query":{},"timestamp":"2025-06-11T07:48:16.236Z"}
{"ip":"::1","level":"info","message":"GET /api-docs/swagger-ui-bundle.js","params":{},"query":{},"timestamp":"2025-06-11T07:48:16.242Z"}
{"ip":"::1","level":"info","message":"GET /api-docs/swagger-ui-standalone-preset.js","params":{},"query":{},"timestamp":"2025-06-11T07:48:16.251Z"}
{"ip":"::1","level":"info","message":"GET /api-docs/swagger-ui-init.js","params":{},"query":{},"timestamp":"2025-06-11T07:48:16.254Z"}
{"ip":"::1","level":"info","message":"GET /api-docs/","params":{},"query":{},"timestamp":"2025-06-11T07:50:31.383Z"}
{"ip":"::1","level":"info","message":"GET /api-docs/swagger-ui.css","params":{},"query":{},"timestamp":"2025-06-11T07:50:31.483Z"}
{"ip":"::1","level":"info","message":"GET /api-docs/swagger-ui-init.js","params":{},"query":{},"timestamp":"2025-06-11T07:50:31.488Z"}
{"ip":"::1","level":"info","message":"GET /api-docs/swagger-ui-bundle.js","params":{},"query":{},"timestamp":"2025-06-11T07:50:31.490Z"}
{"ip":"::1","level":"info","message":"GET /api-docs/swagger-ui-standalone-preset.js","params":{},"query":{},"timestamp":"2025-06-11T07:50:31.491Z"}
{"ip":"::1","level":"info","message":"GET /api-docs/favicon-32x32.png","params":{},"query":{},"timestamp":"2025-06-11T07:50:33.283Z"}
{"level":"info","message":"Server running on port 3000","timestamp":"2025-06-11T07:54:19.494Z"}
{"level":"info","message":"✅ Conectado a SQL Server","timestamp":"2025-06-11T07:54:19.500Z"}
{"ip":"::1","level":"info","message":"GET /api-docs/","params":{},"query":{},"timestamp":"2025-06-11T07:54:23.814Z"}
{"ip":"::1","level":"info","message":"GET /api-docs/swagger-ui.css","params":{},"query":{},"timestamp":"2025-06-11T07:54:23.906Z"}
{"ip":"::1","level":"info","message":"GET /api-docs/swagger-ui-bundle.js","params":{},"query":{},"timestamp":"2025-06-11T07:54:23.913Z"}
{"ip":"::1","level":"info","message":"GET /api-docs/swagger-ui-standalone-preset.js","params":{},"query":{},"timestamp":"2025-06-11T07:54:23.917Z"}
{"ip":"::1","level":"info","message":"GET /api-docs/swagger-ui-init.js","params":{},"query":{},"timestamp":"2025-06-11T07:54:23.925Z"}
{"ip":"::1","level":"info","message":"GET /api-docs/favicon-32x32.png","params":{},"query":{},"timestamp":"2025-06-11T07:54:26.576Z"}
{"level":"info","message":"Server running on port 3000","timestamp":"2025-06-11T07:54:46.261Z"}
{"level":"info","message":"✅ Conectado a SQL Server","timestamp":"2025-06-11T07:54:46.267Z"}
{"ip":"::1","level":"info","message":"GET /api-docs/","params":{},"query":{},"timestamp":"2025-06-11T07:54:48.080Z"}
{"ip":"::1","level":"info","message":"GET /api-docs/swagger-ui.css","params":{},"query":{},"timestamp":"2025-06-11T07:54:48.124Z"}
{"ip":"::1","level":"info","message":"GET /api-docs/swagger-ui-bundle.js","params":{},"query":{},"timestamp":"2025-06-11T07:54:48.128Z"}
{"ip":"::1","level":"info","message":"GET /api-docs/swagger-ui-standalone-preset.js","params":{},"query":{},"timestamp":"2025-06-11T07:54:48.130Z"}
{"ip":"::1","level":"info","message":"GET /api-docs/swagger-ui-init.js","params":{},"query":{},"timestamp":"2025-06-11T07:54:48.131Z"}
{"ip":"::1","level":"info","message":"GET /api-docs/favicon-32x32.png","params":{},"query":{},"timestamp":"2025-06-11T07:54:49.130Z"}
{"level":"info","message":"Server running on port 3000","timestamp":"2025-06-11T07:55:47.010Z"}
{"level":"info","message":"✅ Conectado a SQL Server","timestamp":"2025-06-11T07:55:47.015Z"}
{"ip":"::1","level":"info","message":"GET /api-docs/","params":{},"query":{},"timestamp":"2025-06-11T07:55:49.955Z"}
{"ip":"::1","level":"info","message":"GET /api-docs/swagger-ui.css","params":{},"query":{},"timestamp":"2025-06-11T07:55:50.021Z"}
{"ip":"::1","level":"info","message":"GET /api-docs/swagger-ui-bundle.js","params":{},"query":{},"timestamp":"2025-06-11T07:55:50.032Z"}
{"ip":"::1","level":"info","message":"GET /api-docs/swagger-ui-standalone-preset.js","params":{},"query":{},"timestamp":"2025-06-11T07:55:50.034Z"}
{"ip":"::1","level":"info","message":"GET /api-docs/swagger-ui-init.js","params":{},"query":{},"timestamp":"2025-06-11T07:55:50.036Z"}
{"ip":"::1","level":"info","message":"GET /api-docs/favicon-32x32.png","params":{},"query":{},"timestamp":"2025-06-11T07:55:50.971Z"}
{"level":"info","message":"Server running on port 3000","timestamp":"2025-06-11T07:56:25.375Z"}
{"level":"info","message":"✅ Conectado a SQL Server","timestamp":"2025-06-11T07:56:25.381Z"}
{"ip":"::1","level":"info","message":"GET /api-docs/","params":{},"query":{},"timestamp":"2025-06-11T07:56:39.078Z"}
{"ip":"::1","level":"info","message":"GET /api-docs/swagger-ui.css","params":{},"query":{},"timestamp":"2025-06-11T07:56:39.139Z"}
{"ip":"::1","level":"info","message":"GET /api-docs/swagger-ui-bundle.js","params":{},"query":{},"timestamp":"2025-06-11T07:56:39.146Z"}
{"ip":"::1","level":"info","message":"GET /api-docs/swagger-ui-standalone-preset.js","params":{},"query":{},"timestamp":"2025-06-11T07:56:39.151Z"}
{"ip":"::1","level":"info","message":"GET /api-docs/swagger-ui-init.js","params":{},"query":{},"timestamp":"2025-06-11T07:56:39.152Z"}
{"ip":"::1","level":"info","message":"GET /api-docs/favicon-32x32.png","params":{},"query":{},"timestamp":"2025-06-11T07:56:40.416Z"}
{"level":"info","message":"Server running on port 3000","timestamp":"2025-06-11T07:57:34.767Z"}
{"level":"info","message":"✅ Conectado a SQL Server","timestamp":"2025-06-11T07:57:34.773Z"}
{"ip":"::1","level":"info","message":"GET /api-docs/","params":{},"query":{},"timestamp":"2025-06-11T07:58:02.602Z"}
{"ip":"::1","level":"info","message":"GET /api-docs/swagger-ui.css","params":{},"query":{},"timestamp":"2025-06-11T07:58:02.663Z"}
{"ip":"::1","level":"info","message":"GET /api-docs/swagger-ui-init.js","params":{},"query":{},"timestamp":"2025-06-11T07:58:02.671Z"}
{"ip":"::1","level":"info","message":"GET /api-docs/swagger-ui-bundle.js","params":{},"query":{},"timestamp":"2025-06-11T07:58:02.677Z"}
{"ip":"::1","level":"info","message":"GET /api-docs/swagger-ui-standalone-preset.js","params":{},"query":{},"timestamp":"2025-06-11T07:58:02.678Z"}
{"ip":"::1","level":"info","message":"GET /api-docs/favicon-32x32.png","params":{},"query":{},"timestamp":"2025-06-11T07:58:03.944Z"}
{"body":{"email":"juan@example.com","estado":"Activo","id_centro":"550e8400-e29b-41d4-a716-446655440000","nombre":"Juan Pérez","password":"password123","rol":"Médico","telefono":"8091234567","username":"juanperez"},"ip":"::1","level":"info","message":"POST /api/users","params":{},"query":{},"timestamp":"2025-06-11T07:58:24.103Z"}
{"body":{"email":"juan@example.com","estado":"Activo","id_centro":"550e8400-e29b-41d4-a716-446655440000","nombre":"Juan Pérez","password":"password123","rol":"Médico","telefono":"8091234567","username":"juanperez"},"level":"error","message":"[Microsoft][ODBC Driver 17 for SQL Server][SQL Server]The INSERT statement conflicted with the FOREIGN KEY constraint \"FK__Usuarios__id_cen__68487DD7\". The conflict occurred in database \"SistemaVacunacion\", table \"dbo.Centros_Vacunacion\", column 'id_centro'. - POST /api/users","params":{},"query":{},"stack":"RequestError: [Microsoft][ODBC Driver 17 for SQL Server][SQL Server]The INSERT statement conflicted with the FOREIGN KEY constraint \"FK__Usuarios__id_cen__68487DD7\". The conflict occurred in database \"SistemaVacunacion\", table \"dbo.Centros_Vacunacion\", column 'id_centro'.\n    at handleError (C:\\Users\\tiffa\\sistema-vacunacion-backend\\src\\node_modules\\mssql\\lib\\msnodesqlv8\\request.js:276:21)\n    at StreamEvents.emit (node:events:518:28)\n    at C:\\Users\\tiffa\\sistema-vacunacion-backend\\node_modules\\msnodesqlv8\\lib\\reader.js:83:20\n    at Array.forEach (<anonymous>)\n    at Query.routeStatementError (C:\\Users\\tiffa\\sistema-vacunacion-backend\\node_modules\\msnodesqlv8\\lib\\reader.js:73:19)\n    at C:\\Users\\tiffa\\sistema-vacunacion-backend\\node_modules\\msnodesqlv8\\lib\\reader.js:239:12\n    at C:\\Users\\tiffa\\sistema-vacunacion-backend\\node_modules\\msnodesqlv8\\lib\\driver.js:191:13\n    at Immediate.<anonymous> (C:\\Users\\tiffa\\sistema-vacunacion-backend\\node_modules\\msnodesqlv8\\lib\\driver.js:167:9)\n    at process.processImmediate (node:internal/timers:491:21)","timestamp":"2025-06-11T07:58:24.259Z"}
{"level":"info","message":"Server running on port 3000","timestamp":"2025-06-11T08:00:43.625Z"}
{"level":"info","message":"✅ Conectado a SQL Server","timestamp":"2025-06-11T08:00:43.630Z"}
{"ip":"::1","level":"info","message":"GET /api-docs/","params":{},"query":{},"timestamp":"2025-06-11T08:00:49.480Z"}
{"ip":"::1","level":"info","message":"GET /api-docs/swagger-ui.css","params":{},"query":{},"timestamp":"2025-06-11T08:00:49.541Z"}
{"ip":"::1","level":"info","message":"GET /api-docs/swagger-ui-bundle.js","params":{},"query":{},"timestamp":"2025-06-11T08:00:49.546Z"}
{"ip":"::1","level":"info","message":"GET /api-docs/swagger-ui-standalone-preset.js","params":{},"query":{},"timestamp":"2025-06-11T08:00:49.548Z"}
{"ip":"::1","level":"info","message":"GET /api-docs/swagger-ui-init.js","params":{},"query":{},"timestamp":"2025-06-11T08:00:49.549Z"}
{"ip":"::1","level":"info","message":"GET /api-docs/favicon-32x32.png","params":{},"query":{},"timestamp":"2025-06-11T08:00:52.192Z"}
{"body":{"email":"juan@example.com","estado":"Activo","id_centro":"550e8400-e29b-41d4-a716-446655440000","nombre":"Juan Pérez","password":"password123","rol":"Médico","telefono":"8091234567","username":"juanperez"},"ip":"::1","level":"info","message":"POST /api/users","params":{},"query":{},"timestamp":"2025-06-11T08:01:01.780Z"}
{"body":{"email":"juan@example.com","estado":"Activo","id_centro":"550e8400-e29b-41d4-a716-446655440000","nombre":"Juan Pérez","password":"password123","rol":"Médico","telefono":"8091234567","username":"juanperez"},"level":"error","message":"[Microsoft][ODBC Driver 17 for SQL Server][SQL Server]The INSERT statement conflicted with the FOREIGN KEY constraint \"FK__Usuarios__id_cen__68487DD7\". The conflict occurred in database \"SistemaVacunacion\", table \"dbo.Centros_Vacunacion\", column 'id_centro'. - POST /api/users","params":{},"query":{},"stack":"RequestError: [Microsoft][ODBC Driver 17 for SQL Server][SQL Server]The INSERT statement conflicted with the FOREIGN KEY constraint \"FK__Usuarios__id_cen__68487DD7\". The conflict occurred in database \"SistemaVacunacion\", table \"dbo.Centros_Vacunacion\", column 'id_centro'.\n    at handleError (C:\\Users\\tiffa\\sistema-vacunacion-backend\\src\\node_modules\\mssql\\lib\\msnodesqlv8\\request.js:276:21)\n    at StreamEvents.emit (node:events:518:28)\n    at C:\\Users\\tiffa\\sistema-vacunacion-backend\\node_modules\\msnodesqlv8\\lib\\reader.js:83:20\n    at Array.forEach (<anonymous>)\n    at Query.routeStatementError (C:\\Users\\tiffa\\sistema-vacunacion-backend\\node_modules\\msnodesqlv8\\lib\\reader.js:73:19)\n    at C:\\Users\\tiffa\\sistema-vacunacion-backend\\node_modules\\msnodesqlv8\\lib\\reader.js:239:12\n    at C:\\Users\\tiffa\\sistema-vacunacion-backend\\node_modules\\msnodesqlv8\\lib\\driver.js:191:13\n    at Immediate.<anonymous> (C:\\Users\\tiffa\\sistema-vacunacion-backend\\node_modules\\msnodesqlv8\\lib\\driver.js:167:9)\n    at process.processImmediate (node:internal/timers:491:21)","timestamp":"2025-06-11T08:01:01.897Z"}
{"body":{"direccion":"Calle 1, Santo Domingo","director":"Dr. José Gómez","latitud":18.4861,"longitud":-69.9312,"nombre_centro":"Centro de Salud Santo Domingo","nombre_corto":"CSSD","sitio_web":"http://cssd.gov.do","telefono":"8098765432"},"ip":"::1","level":"info","message":"POST /api/centers","params":{},"query":{},"timestamp":"2025-06-11T08:03:14.405Z"}
{"body":{"direccion":"Calle 1, Santo Domingo","director":"Dr. José Gómez","latitud":18.4861,"longitud":-69.9312,"nombre_centro":"Centro de Salud Santo Domingo","nombre_corto":"CSSD","sitio_web":"http://cssd.gov.do","telefono":"8098765432"},"level":"error","message":"Authentication required - POST /api/centers","params":{},"query":{},"stack":"Error: Authentication required\n    at authenticate (C:\\Users\\tiffa\\sistema-vacunacion-backend\\src\\middleware\\auth.js:6:19)\n    at Layer.handleRequest (C:\\Users\\tiffa\\sistema-vacunacion-backend\\src\\node_modules\\router\\lib\\layer.js:152:17)\n    at trimPrefix (C:\\Users\\tiffa\\sistema-vacunacion-backend\\src\\node_modules\\router\\index.js:342:13)\n    at C:\\Users\\tiffa\\sistema-vacunacion-backend\\src\\node_modules\\router\\index.js:297:9\n    at processParams (C:\\Users\\tiffa\\sistema-vacunacion-backend\\src\\node_modules\\router\\index.js:582:12)\n    at next (C:\\Users\\tiffa\\sistema-vacunacion-backend\\src\\node_modules\\router\\index.js:291:5)\n    at C:\\Users\\tiffa\\sistema-vacunacion-backend\\src\\index.js:45:3\n    at Layer.handleRequest (C:\\Users\\tiffa\\sistema-vacunacion-backend\\src\\node_modules\\router\\lib\\layer.js:152:17)\n    at trimPrefix (C:\\Users\\tiffa\\sistema-vacunacion-backend\\src\\node_modules\\router\\index.js:342:13)\n    at C:\\Users\\tiffa\\sistema-vacunacion-backend\\src\\node_modules\\router\\index.js:297:9","timestamp":"2025-06-11T08:03:14.406Z"}
{"level":"info","message":"Server running on port 3000","timestamp":"2025-06-11T08:07:15.126Z"}
{"level":"info","message":"✅ Conectado a SQL Server","timestamp":"2025-06-11T08:07:15.131Z"}
{"ip":"::1","level":"info","message":"GET /api-docs/","params":{},"query":{},"timestamp":"2025-06-11T08:07:18.639Z"}
{"ip":"::1","level":"info","message":"GET /api-docs/swagger-ui.css","params":{},"query":{},"timestamp":"2025-06-11T08:07:18.723Z"}
{"ip":"::1","level":"info","message":"GET /api-docs/swagger-ui-init.js","params":{},"query":{},"timestamp":"2025-06-11T08:07:18.731Z"}
{"ip":"::1","level":"info","message":"GET /api-docs/swagger-ui-bundle.js","params":{},"query":{},"timestamp":"2025-06-11T08:07:18.734Z"}
{"ip":"::1","level":"info","message":"GET /api-docs/swagger-ui-standalone-preset.js","params":{},"query":{},"timestamp":"2025-06-11T08:07:18.735Z"}
{"ip":"::1","level":"info","message":"GET /api-docs/favicon-32x32.png","params":{},"query":{},"timestamp":"2025-06-11T08:07:21.274Z"}
{"body":{"direccion":"Calle 1, Santo Domingo","director":"Dr. José Gómez","latitud":18.4861,"longitud":-69.9312,"nombre_centro":"Centro de Salud Santo Domingo","nombre_corto":"CSSD","sitio_web":"http://cssd.gov.do","telefono":"8098765432"},"ip":"::1","level":"info","message":"POST /api/centers","params":{},"query":{},"timestamp":"2025-06-11T08:07:28.953Z"}
{"body":{"email":"juan@example.com","estado":"Activo","id_centro":"550e8400-e29b-41d4-a716-446655440000","nombre":"Juan Pérez","password":"password123","rol":"Médico","telefono":"8091234567","username":"juanperez"},"ip":"::1","level":"info","message":"POST /api/users","params":{},"query":{},"timestamp":"2025-06-11T08:08:23.532Z"}
{"body":{"email":"juan@example.com","estado":"Activo","id_centro":"550e8400-e29b-41d4-a716-446655440000","nombre":"Juan Pérez","password":"password123","rol":"Médico","telefono":"8091234567","username":"juanperez"},"level":"error","message":"[Microsoft][ODBC Driver 17 for SQL Server][SQL Server]The INSERT statement conflicted with the FOREIGN KEY constraint \"FK__Usuarios__id_cen__68487DD7\". The conflict occurred in database \"SistemaVacunacion\", table \"dbo.Centros_Vacunacion\", column 'id_centro'. - POST /api/users","params":{},"query":{},"stack":"RequestError: [Microsoft][ODBC Driver 17 for SQL Server][SQL Server]The INSERT statement conflicted with the FOREIGN KEY constraint \"FK__Usuarios__id_cen__68487DD7\". The conflict occurred in database \"SistemaVacunacion\", table \"dbo.Centros_Vacunacion\", column 'id_centro'.\n    at handleError (C:\\Users\\tiffa\\sistema-vacunacion-backend\\src\\node_modules\\mssql\\lib\\msnodesqlv8\\request.js:276:21)\n    at StreamEvents.emit (node:events:518:28)\n    at C:\\Users\\tiffa\\sistema-vacunacion-backend\\node_modules\\msnodesqlv8\\lib\\reader.js:83:20\n    at Array.forEach (<anonymous>)\n    at Query.routeStatementError (C:\\Users\\tiffa\\sistema-vacunacion-backend\\node_modules\\msnodesqlv8\\lib\\reader.js:73:19)\n    at C:\\Users\\tiffa\\sistema-vacunacion-backend\\node_modules\\msnodesqlv8\\lib\\reader.js:239:12\n    at C:\\Users\\tiffa\\sistema-vacunacion-backend\\node_modules\\msnodesqlv8\\lib\\driver.js:191:13\n    at Immediate.<anonymous> (C:\\Users\\tiffa\\sistema-vacunacion-backend\\node_modules\\msnodesqlv8\\lib\\driver.js:167:9)\n    at process.processImmediate (node:internal/timers:491:21)","timestamp":"2025-06-11T08:08:23.649Z"}
{"body":{"email":"juan@example.com","estado":"Activo","id_centro":"1A5E8C8E-2FCE-4D59-A7AC-6AAECCF6DE67","nombre":"Juan Pérez","password":"password123","rol":"Médico","telefono":"8091234567","username":"juanperez"},"ip":"::1","level":"info","message":"POST /api/users","params":{},"query":{},"timestamp":"2025-06-11T08:08:41.526Z"}
{"level":"info","message":"Server running on port 3000","timestamp":"2025-06-13T22:12:42.196Z"}
{"level":"info","message":"✅ Conectado a SQL Server","timestamp":"2025-06-13T22:12:42.206Z"}
{"ip":"::1","level":"info","message":"GET /api-docs/","params":{},"query":{},"timestamp":"2025-06-13T22:12:51.587Z"}
{"ip":"::1","level":"info","message":"GET /api-docs/swagger-ui.css","params":{},"query":{},"timestamp":"2025-06-13T22:12:51.711Z"}
{"ip":"::1","level":"info","message":"GET /api-docs/swagger-ui-bundle.js","params":{},"query":{},"timestamp":"2025-06-13T22:12:51.719Z"}
{"ip":"::1","level":"info","message":"GET /api-docs/swagger-ui-standalone-preset.js","params":{},"query":{},"timestamp":"2025-06-13T22:12:51.723Z"}
{"ip":"::1","level":"info","message":"GET /api-docs/swagger-ui-init.js","params":{},"query":{},"timestamp":"2025-06-13T22:12:51.728Z"}
{"level":"info","message":"Server running on port 3000","timestamp":"2025-06-14T00:42:15.187Z"}
{"level":"info","message":"✅ Conectado a Azure SQL Server","timestamp":"2025-06-14T00:42:15.771Z"}
{"ip":"::1","level":"info","message":"GET /api/users/EBCE63AB-731F-4D13-A9CD-E41B87D9B39B","params":{},"query":{},"timestamp":"2025-06-14T00:44:12.314Z"}
{"level":"info","message":"Server running on port 3000","timestamp":"2025-06-14T02:23:52.687Z"}
{"ip":"::1","level":"info","message":"GET /test-swagger","params":{},"query":{},"timestamp":"2025-06-14T02:23:52.826Z"}
{"level":"info","message":"✅ Conectado a Azure SQL Server","timestamp":"2025-06-14T02:23:53.276Z"}
{"ip":"::1","level":"info","message":"GET /favicon.ico","params":{},"query":{},"timestamp":"2025-06-14T02:23:55.284Z"}
{"ip":"::1","level":"info","message":"GET /","params":{},"query":{},"timestamp":"2025-06-14T02:23:59.222Z"}
{"ip":"::1","level":"info","message":"GET /api/reports","params":{},"query":{},"timestamp":"2025-06-14T02:24:03.668Z"}
{"level":"error","message":"Authentication required - GET /api/reports","params":{},"query":{},"stack":"Error: Authentication required\n    at authenticate (C:\\Users\\tiffa\\sistema-vacunacion-backend\\src\\middleware\\auth.js:6:19)\n    at Layer.handleRequest (C:\\Users\\tiffa\\sistema-vacunacion-backend\\src\\node_modules\\router\\lib\\layer.js:152:17)\n    at trimPrefix (C:\\Users\\tiffa\\sistema-vacunacion-backend\\src\\node_modules\\router\\index.js:342:13)\n    at C:\\Users\\tiffa\\sistema-vacunacion-backend\\src\\node_modules\\router\\index.js:297:9\n    at processParams (C:\\Users\\tiffa\\sistema-vacunacion-backend\\src\\node_modules\\router\\index.js:582:12)\n    at next (C:\\Users\\tiffa\\sistema-vacunacion-backend\\src\\node_modules\\router\\index.js:291:5)\n    at C:\\Users\\tiffa\\sistema-vacunacion-backend\\src\\index.js:45:3\n    at Layer.handleRequest (C:\\Users\\tiffa\\sistema-vacunacion-backend\\src\\node_modules\\router\\lib\\layer.js:152:17)\n    at trimPrefix (C:\\Users\\tiffa\\sistema-vacunacion-backend\\src\\node_modules\\router\\index.js:342:13)\n    at C:\\Users\\tiffa\\sistema-vacunacion-backend\\src\\node_modules\\router\\index.js:297:9","timestamp":"2025-06-14T02:24:03.669Z"}
{"ip":"::1","level":"info","message":"GET /api","params":{},"query":{},"timestamp":"2025-06-14T02:24:07.470Z"}
{"ip":"::1","level":"info","message":"GET /api-docs/","params":{},"query":{},"timestamp":"2025-06-14T02:24:12.951Z"}
{"ip":"::1","level":"info","message":"GET /api-docs/swagger-ui.css","params":{},"query":{},"timestamp":"2025-06-14T02:24:13.039Z"}
{"ip":"::1","level":"info","message":"GET /api-docs/swagger-ui-standalone-preset.js","params":{},"query":{},"timestamp":"2025-06-14T02:24:13.053Z"}
{"ip":"::1","level":"info","message":"GET /api-docs/swagger-ui-bundle.js","params":{},"query":{},"timestamp":"2025-06-14T02:24:13.054Z"}
{"ip":"::1","level":"info","message":"GET /api-docs/swagger-ui-init.js","params":{},"query":{},"timestamp":"2025-06-14T02:24:13.065Z"}
{"ip":"::1","level":"info","message":"GET /api-docs/favicon-32x32.png","params":{},"query":{},"timestamp":"2025-06-14T02:24:14.581Z"}
{"level":"info","message":"Server running on port 3000","timestamp":"2025-06-20T14:08:57.821Z"}
{"level":"info","message":"✅ Conectado a Azure SQL Server","timestamp":"2025-06-20T14:08:58.362Z"}
{"level":"info","message":"Server running on port 3000","timestamp":"2025-06-20T14:16:54.415Z"}
{"level":"info","message":"✅ Conectado a Azure SQL Server","timestamp":"2025-06-20T14:16:55.017Z"}
{"ip":"::1","level":"info","message":"GET /api-docs/","params":{},"query":{},"timestamp":"2025-06-20T14:17:04.867Z"}
{"ip":"::1","level":"info","message":"GET /api-docs/swagger-ui.css","params":{},"query":{},"timestamp":"2025-06-20T14:17:04.927Z"}
{"ip":"::1","level":"info","message":"GET /api-docs/swagger-ui-bundle.js","params":{},"query":{},"timestamp":"2025-06-20T14:17:04.934Z"}
{"ip":"::1","level":"info","message":"GET /api-docs/swagger-ui-standalone-preset.js","params":{},"query":{},"timestamp":"2025-06-20T14:17:04.937Z"}
{"ip":"::1","level":"info","message":"GET /api-docs/swagger-ui-init.js","params":{},"query":{},"timestamp":"2025-06-20T14:17:04.937Z"}
{"ip":"::1","level":"info","message":"GET /api-docs/","params":{},"query":{},"timestamp":"2025-06-20T14:23:20.220Z"}
{"ip":"::1","level":"info","message":"GET /api-docs/swagger-ui.css","params":{},"query":{},"timestamp":"2025-06-20T14:23:20.317Z"}
{"ip":"::1","level":"info","message":"GET /api-docs/swagger-ui-bundle.js","params":{},"query":{},"timestamp":"2025-06-20T14:23:20.323Z"}
{"ip":"::1","level":"info","message":"GET /api-docs/swagger-ui-standalone-preset.js","params":{},"query":{},"timestamp":"2025-06-20T14:23:20.326Z"}
{"ip":"::1","level":"info","message":"GET /api-docs/swagger-ui-init.js","params":{},"query":{},"timestamp":"2025-06-20T14:23:20.331Z"}
{"level":"info","message":"Server running on port 3000","timestamp":"2025-06-20T14:45:51.833Z"}
{"level":"info","message":"✅ Conectado a Azure SQL Server","timestamp":"2025-06-20T14:45:52.391Z"}
{"ip":"::1","level":"info","message":"GET /api-docs/","params":{},"query":{},"timestamp":"2025-06-20T14:45:58.338Z"}
{"ip":"::1","level":"info","message":"GET /api-docs/swagger-ui.css","params":{},"query":{},"timestamp":"2025-06-20T14:45:58.400Z"}
{"ip":"::1","level":"info","message":"GET /api-docs/swagger-ui-bundle.js","params":{},"query":{},"timestamp":"2025-06-20T14:45:58.404Z"}
{"ip":"::1","level":"info","message":"GET /api-docs/swagger-ui-standalone-preset.js","params":{},"query":{},"timestamp":"2025-06-20T14:45:58.408Z"}
{"ip":"::1","level":"info","message":"GET /api-docs/swagger-ui-init.js","params":{},"query":{},"timestamp":"2025-06-20T14:45:58.409Z"}
{"ip":"::1","level":"info","message":"GET /api-docs/favicon-32x32.png","params":{},"query":{},"timestamp":"2025-06-20T14:46:01.694Z"}
{"ip":"::1","level":"info","message":"GET /api-docs/favicon-32x32.png","params":{},"query":{},"timestamp":"2025-06-20T14:46:02.554Z"}
{"level":"info","message":"Server running on port 3000","timestamp":"2025-06-20T14:49:28.925Z"}
{"level":"info","message":"✅ Conectado a Azure SQL Server","timestamp":"2025-06-20T14:49:29.510Z"}
{"ip":"::1","level":"info","message":"GET /api-docs/","params":{},"query":{},"timestamp":"2025-06-20T14:49:34.542Z"}
{"ip":"::1","level":"info","message":"GET /api-docs/swagger-ui.css","params":{},"query":{},"timestamp":"2025-06-20T14:49:34.611Z"}
{"ip":"::1","level":"info","message":"GET /api-docs/swagger-ui-bundle.js","params":{},"query":{},"timestamp":"2025-06-20T14:49:34.618Z"}
{"ip":"::1","level":"info","message":"GET /api-docs/swagger-ui-standalone-preset.js","params":{},"query":{},"timestamp":"2025-06-20T14:49:34.623Z"}
{"ip":"::1","level":"info","message":"GET /api-docs/swagger-ui-init.js","params":{},"query":{},"timestamp":"2025-06-20T14:49:34.625Z"}
{"ip":"::1","level":"info","message":"GET /api-docs/favicon-32x32.png","params":{},"query":{},"timestamp":"2025-06-20T14:49:38.024Z"}
{"level":"info","message":"Server running on port 3000","timestamp":"2025-06-20T14:50:04.413Z"}
{"level":"info","message":"✅ Conectado a Azure SQL Server","timestamp":"2025-06-20T14:50:04.993Z"}
{"ip":"::1","level":"info","message":"GET /api-docs/","params":{},"query":{},"timestamp":"2025-06-20T14:50:07.041Z"}
{"ip":"::1","level":"info","message":"GET /api-docs/swagger-ui.css","params":{},"query":{},"timestamp":"2025-06-20T14:50:07.078Z"}
{"ip":"::1","level":"info","message":"GET /api-docs/swagger-ui-bundle.js","params":{},"query":{},"timestamp":"2025-06-20T14:50:07.083Z"}
{"ip":"::1","level":"info","message":"GET /api-docs/swagger-ui-standalone-preset.js","params":{},"query":{},"timestamp":"2025-06-20T14:50:07.086Z"}
{"ip":"::1","level":"info","message":"GET /api-docs/swagger-ui-init.js","params":{},"query":{},"timestamp":"2025-06-20T14:50:07.087Z"}
{"ip":"::1","level":"info","message":"GET /api-docs/favicon-32x32.png","params":{},"query":{},"timestamp":"2025-06-20T14:50:08.876Z"}
{"level":"info","message":"Server running on port 3000","timestamp":"2025-06-20T14:56:45.384Z"}
{"level":"info","message":"✅ Conectado a Azure SQL Server","timestamp":"2025-06-20T14:56:45.957Z"}
{"ip":"::1","level":"info","message":"GET /api-docs/","params":{},"query":{},"timestamp":"2025-06-20T14:56:50.699Z"}
{"ip":"::1","level":"info","message":"GET /api-docs/swagger-ui.css","params":{},"query":{},"timestamp":"2025-06-20T14:56:50.771Z"}
{"ip":"::1","level":"info","message":"GET /api-docs/swagger-ui-bundle.js","params":{},"query":{},"timestamp":"2025-06-20T14:56:50.778Z"}
{"ip":"::1","level":"info","message":"GET /api-docs/swagger-ui-standalone-preset.js","params":{},"query":{},"timestamp":"2025-06-20T14:56:50.779Z"}
{"ip":"::1","level":"info","message":"GET /api-docs/swagger-ui-init.js","params":{},"query":{},"timestamp":"2025-06-20T14:56:50.783Z"}
{"ip":"::1","level":"info","message":"GET /api-docs/favicon-32x32.png","params":{},"query":{},"timestamp":"2025-06-20T14:56:54.103Z"}
{"ip":"::1","level":"info","message":"GET /api-docs/","params":{},"query":{},"timestamp":"2025-06-20T14:57:45.378Z"}
{"ip":"::1","level":"info","message":"GET /api-docs/swagger-ui.css","params":{},"query":{},"timestamp":"2025-06-20T14:57:45.519Z"}
{"ip":"::1","level":"info","message":"GET /api-docs/swagger-ui-bundle.js","params":{},"query":{},"timestamp":"2025-06-20T14:57:45.524Z"}
{"ip":"::1","level":"info","message":"GET /api-docs/swagger-ui-standalone-preset.js","params":{},"query":{},"timestamp":"2025-06-20T14:57:45.528Z"}
{"ip":"::1","level":"info","message":"GET /api-docs/swagger-ui-init.js","params":{},"query":{},"timestamp":"2025-06-20T14:57:45.529Z"}
{"ip":"::1","level":"info","message":"GET /api-docs/favicon-32x32.png","params":{},"query":{},"timestamp":"2025-06-20T14:57:47.474Z"}
{"level":"info","message":"Server running on port 3000","timestamp":"2025-06-20T15:00:38.267Z"}
{"level":"info","message":"✅ Conectado a Azure SQL Server","timestamp":"2025-06-20T15:00:38.834Z"}
