{"level":"info","message":"Server running on port 3000","timestamp":"2025-06-20T18:45:47.563Z"}
{"level":"info","message":"Server running on port 3000","timestamp":"2025-06-20T18:46:34.974Z"}
{"ip":"::1","level":"info","message":"GET /api-docs/","params":{},"query":{},"timestamp":"2025-06-20T18:46:38.909Z"}
{"ip":"::1","level":"info","message":"GET /api-docs/swagger-ui.css","params":{},"query":{},"timestamp":"2025-06-20T18:46:39.051Z"}
{"ip":"::1","level":"info","message":"GET /api-docs/swagger-ui-bundle.js","params":{},"query":{},"timestamp":"2025-06-20T18:46:39.059Z"}
{"ip":"::1","level":"info","message":"GET /api-docs/swagger-ui-standalone-preset.js","params":{},"query":{},"timestamp":"2025-06-20T18:46:39.060Z"}
{"ip":"::1","level":"info","message":"GET /api-docs/swagger-ui-init.js","params":{},"query":{},"timestamp":"2025-06-20T18:46:39.061Z"}
{"ip":"::1","level":"info","message":"GET /api-docs/favicon-32x32.png","params":{},"query":{},"timestamp":"2025-06-20T18:46:42.533Z"}
{"ip":"::1","level":"info","message":"GET /api/centers","params":{},"query":{},"timestamp":"2025-06-20T18:47:08.846Z"}
{"ip":"::1","level":"info","message":"Obteniendo centros de vacunación","timestamp":"2025-06-20T18:47:08.848Z"}
{"ip":"::1","level":"info","message":"GET /api-docs/","params":{},"query":{},"timestamp":"2025-06-20T18:50:23.400Z"}
{"ip":"::1","level":"info","message":"GET /api-docs/swagger-ui.css","params":{},"query":{},"timestamp":"2025-06-20T18:50:23.470Z"}
{"ip":"::1","level":"info","message":"GET /api-docs/swagger-ui-bundle.js","params":{},"query":{},"timestamp":"2025-06-20T18:50:23.481Z"}
{"ip":"::1","level":"info","message":"GET /api-docs/swagger-ui-standalone-preset.js","params":{},"query":{},"timestamp":"2025-06-20T18:50:23.487Z"}
{"ip":"::1","level":"info","message":"GET /api-docs/swagger-ui-init.js","params":{},"query":{},"timestamp":"2025-06-20T18:50:23.489Z"}
{"ip":"::1","level":"info","message":"GET /api-docs/favicon-32x32.png","params":{},"query":{},"timestamp":"2025-06-20T18:50:26.258Z"}
{"ip":"::1","level":"info","message":"GET /api-docs/","params":{},"query":{},"timestamp":"2025-06-20T18:53:36.338Z"}
{"ip":"::1","level":"info","message":"GET /api-docs/swagger-ui.css","params":{},"query":{},"timestamp":"2025-06-20T18:53:36.422Z"}
{"ip":"::1","level":"info","message":"GET /api-docs/swagger-ui-bundle.js","params":{},"query":{},"timestamp":"2025-06-20T18:53:36.434Z"}
{"ip":"::1","level":"info","message":"GET /api-docs/swagger-ui-standalone-preset.js","params":{},"query":{},"timestamp":"2025-06-20T18:53:36.435Z"}
{"ip":"::1","level":"info","message":"GET /api-docs/swagger-ui-init.js","params":{},"query":{},"timestamp":"2025-06-20T18:53:36.438Z"}
{"ip":"::1","level":"info","message":"GET /api-docs/favicon-32x32.png","params":{},"query":{},"timestamp":"2025-06-20T18:53:39.732Z"}
{"level":"info","message":"Server running on port 3000","timestamp":"2025-06-20T18:53:52.423Z"}
{"ip":"::1","level":"info","message":"GET /api-docs/","params":{},"query":{},"timestamp":"2025-06-20T18:54:09.803Z"}
{"ip":"::1","level":"info","message":"GET /api-docs/swagger-ui.css","params":{},"query":{},"timestamp":"2025-06-20T18:54:09.924Z"}
{"ip":"::1","level":"info","message":"GET /api-docs/swagger-ui-bundle.js","params":{},"query":{},"timestamp":"2025-06-20T18:54:09.931Z"}
{"ip":"::1","level":"info","message":"GET /api-docs/swagger-ui-standalone-preset.js","params":{},"query":{},"timestamp":"2025-06-20T18:54:09.933Z"}
{"ip":"::1","level":"info","message":"GET /api-docs/swagger-ui-init.js","params":{},"query":{},"timestamp":"2025-06-20T18:54:09.937Z"}
{"ip":"::1","level":"info","message":"GET /api-docs/favicon-32x32.png","params":{},"query":{},"timestamp":"2025-06-20T18:54:12.070Z"}
{"ip":"::1","level":"info","message":"GET /api/centers","params":{},"query":{},"timestamp":"2025-06-20T18:54:20.731Z"}
{"ip":"::1","level":"info","message":"Obteniendo centros de vacunación","timestamp":"2025-06-20T18:54:20.735Z"}
{"body":{"password":"juanperez123","username":"juanperez"},"ip":"::1","level":"info","message":"POST /api/users/login","params":{},"query":{},"timestamp":"2025-06-20T18:55:01.908Z"}
{"ip":"::1","level":"info","message":"GET /api-docs/","params":{},"query":{},"timestamp":"2025-06-20T18:56:50.152Z"}
{"ip":"::1","level":"info","message":"GET /api-docs/swagger-ui.css","params":{},"query":{},"timestamp":"2025-06-20T18:56:50.325Z"}
{"ip":"::1","level":"info","message":"GET /api-docs/swagger-ui-standalone-preset.js","params":{},"query":{},"timestamp":"2025-06-20T18:56:50.346Z"}
{"ip":"::1","level":"info","message":"GET /api-docs/swagger-ui-bundle.js","params":{},"query":{},"timestamp":"2025-06-20T18:56:50.348Z"}
{"ip":"::1","level":"info","message":"GET /api-docs/swagger-ui-init.js","params":{},"query":{},"timestamp":"2025-06-20T18:56:50.349Z"}
{"ip":"::1","level":"info","message":"GET /api-docs/favicon-32x32.png","params":{},"query":{},"timestamp":"2025-06-20T18:56:53.408Z"}
{"body":{"password":"juanperez123","username":"juanperez"},"ip":"::1","level":"info","message":"POST /api/users/login","params":{},"query":{},"timestamp":"2025-06-20T18:57:04.648Z"}
{"level":"info","message":"Server running on port 3000","timestamp":"2025-06-20T18:58:14.339Z"}
{"ip":"::1","level":"info","message":"GET /api-docs/","params":{},"query":{},"timestamp":"2025-06-20T18:58:24.856Z"}
{"ip":"::1","level":"info","message":"GET /api-docs/swagger-ui.css","params":{},"query":{},"timestamp":"2025-06-20T18:58:24.981Z"}
{"ip":"::1","level":"info","message":"GET /api-docs/swagger-ui-bundle.js","params":{},"query":{},"timestamp":"2025-06-20T18:58:24.987Z"}
{"ip":"::1","level":"info","message":"GET /api-docs/swagger-ui-standalone-preset.js","params":{},"query":{},"timestamp":"2025-06-20T18:58:24.995Z"}
{"ip":"::1","level":"info","message":"GET /api-docs/swagger-ui-init.js","params":{},"query":{},"timestamp":"2025-06-20T18:58:24.997Z"}
{"ip":"::1","level":"info","message":"GET /api-docs/favicon-32x32.png","params":{},"query":{},"timestamp":"2025-06-20T18:58:27.586Z"}
{"body":{"password":"juanperez123","username":"juanperez"},"ip":"::1","level":"info","message":"POST /api/users/login","params":{},"query":{},"timestamp":"2025-06-20T18:58:41.481Z"}
{"ip":"::1","level":"info","message":"Creando usuario","timestamp":"2025-06-20T18:58:41.491Z","username":"juanperez"}
{"error":"Error al crear usuario","ip":"::1","level":"error","message":"Error en la aplicación","method":"POST","stack":"Error: Error al crear usuario\n    at C:\\Users\\tiffa\\sistema-vacunacion-backend\\src\\routes\\users.js:291:19\n    at Layer.handleRequest (C:\\Users\\tiffa\\sistema-vacunacion-backend\\src\\node_modules\\router\\lib\\layer.js:152:17)\n    at next (C:\\Users\\tiffa\\sistema-vacunacion-backend\\src\\node_modules\\router\\lib\\route.js:157:13)\n    at middleware (C:\\Users\\tiffa\\sistema-vacunacion-backend\\node_modules\\express-validator\\lib\\middlewares\\check.js:16:13)\n    at process.processTicksAndRejections (node:internal/process/task_queues:105:5)","timestamp":"2025-06-20T18:58:41.497Z","url":"/api/users/login"}
{"errors":[{"location":"body","msg":"Invalid value","path":"nombre","type":"field"},{"location":"body","msg":"Nombre es requerido","path":"nombre","type":"field"},{"location":"body","msg":"Rol inválido","path":"rol","type":"field"}],"ip":"::1","level":"warn","message":"Validación fallida","timestamp":"2025-06-20T18:58:41.493Z"}
{"error":"Validación fallida","ip":"::1","level":"error","message":"Error al crear usuario","timestamp":"2025-06-20T18:58:41.494Z","username":"juanperez"}
{"ip":"::1","level":"info","message":"GET /api-docs/","params":{},"query":{},"timestamp":"2025-06-20T18:59:01.264Z"}
{"ip":"::1","level":"info","message":"GET /api-docs/swagger-ui.css","params":{},"query":{},"timestamp":"2025-06-20T18:59:01.462Z"}
{"ip":"::1","level":"info","message":"GET /api-docs/swagger-ui-bundle.js","params":{},"query":{},"timestamp":"2025-06-20T18:59:01.471Z"}
{"ip":"::1","level":"info","message":"GET /api-docs/swagger-ui-standalone-preset.js","params":{},"query":{},"timestamp":"2025-06-20T18:59:01.473Z"}
{"ip":"::1","level":"info","message":"GET /api-docs/swagger-ui-init.js","params":{},"query":{},"timestamp":"2025-06-20T18:59:01.479Z"}
{"ip":"::1","level":"info","message":"GET /api-docs/favicon-32x32.png","params":{},"query":{},"timestamp":"2025-06-20T18:59:04.745Z"}
{"level":"info","message":"Server running on port 3000","timestamp":"2025-06-20T19:26:32.655Z"}
{"ip":"::1","level":"info","message":"GET /api-docs/","params":{},"query":{},"timestamp":"2025-06-20T19:27:03.254Z"}
{"ip":"::1","level":"info","message":"GET /api-docs/swagger-ui.css","params":{},"query":{},"timestamp":"2025-06-20T19:27:03.276Z"}
{"ip":"::1","level":"info","message":"GET /api-docs/swagger-ui-bundle.js","params":{},"query":{},"timestamp":"2025-06-20T19:27:03.278Z"}
{"ip":"::1","level":"info","message":"GET /api-docs/swagger-ui-standalone-preset.js","params":{},"query":{},"timestamp":"2025-06-20T19:27:03.280Z"}
{"ip":"::1","level":"info","message":"GET /api-docs/swagger-ui-init.js","params":{},"query":{},"timestamp":"2025-06-20T19:27:03.479Z"}
{"ip":"::1","level":"info","message":"GET /api/centers","params":{},"query":{},"timestamp":"2025-06-20T19:27:23.469Z"}
{"ip":"::1","level":"info","message":"Obteniendo centros de vacunación","timestamp":"2025-06-20T19:27:23.470Z"}
{"body":{"direccion":"Av. Independencia 257, Santo Domingo","director":"Dr. Juan Gómez","latitud":18.4824,"longitud":-69.9269,"nombre_centro":"Hospital Darío Contreras","nombre_corto":"HDC","sitio_web":"http://www.hospitaldariocontreras.do","telefono":"+1-809-532-0001"},"ip":"::1","level":"info","message":"POST /api/centers","params":{},"query":{},"timestamp":"2025-06-20T19:27:35.180Z"}
{"ip":"::1","level":"info","message":"Creando centro de vacunación","nombre":"Hospital Darío Contreras","timestamp":"2025-06-20T19:27:35.197Z"}
{"body":{"password":"password123","username":"juanperez"},"ip":"::1","level":"info","message":"POST /api/users/login","params":{},"query":{},"timestamp":"2025-06-20T19:27:57.548Z"}
{"body":{"password":"juanperez123","username":"juanperez"},"ip":"::1","level":"info","message":"POST /api/users/login","params":{},"query":{},"timestamp":"2025-06-20T19:28:04.677Z"}
{"ip":"::1","level":"info","message":"GET /api/users/c11553cb-ea4d-4e91-a7e2-4552424c2d29","params":{},"query":{},"timestamp":"2025-06-20T19:29:42.520Z"}
{"ip":"::1","level":"warn","message":"Intento de acceso sin token","timestamp":"2025-06-20T19:29:42.520Z"}
{"error":"Access token is missing","ip":"::1","level":"error","message":"Error en la aplicación","method":"GET","stack":"Error: Access token is missing\n    at authenticate (C:\\Users\\tiffa\\sistema-vacunacion-backend\\src\\middleware\\auth.js:24:19)\n    at Layer.handleRequest (C:\\Users\\tiffa\\sistema-vacunacion-backend\\src\\node_modules\\router\\lib\\layer.js:152:17)\n    at trimPrefix (C:\\Users\\tiffa\\sistema-vacunacion-backend\\src\\node_modules\\router\\index.js:342:13)\n    at C:\\Users\\tiffa\\sistema-vacunacion-backend\\src\\node_modules\\router\\index.js:297:9\n    at processParams (C:\\Users\\tiffa\\sistema-vacunacion-backend\\src\\node_modules\\router\\index.js:582:12)\n    at next (C:\\Users\\tiffa\\sistema-vacunacion-backend\\src\\node_modules\\router\\index.js:291:5)\n    at C:\\Users\\tiffa\\sistema-vacunacion-backend\\src\\index.js:60:3\n    at Layer.handleRequest (C:\\Users\\tiffa\\sistema-vacunacion-backend\\src\\node_modules\\router\\lib\\layer.js:152:17)\n    at trimPrefix (C:\\Users\\tiffa\\sistema-vacunacion-backend\\src\\node_modules\\router\\index.js:342:13)\n    at C:\\Users\\tiffa\\sistema-vacunacion-backend\\src\\node_modules\\router\\index.js:297:9","timestamp":"2025-06-20T19:29:42.523Z","url":"/api/users/c11553cb-ea4d-4e91-a7e2-4552424c2d29"}
{"ip":"::1","level":"info","message":"GET /api-docs/","params":{},"query":{},"timestamp":"2025-06-20T19:43:36.480Z"}
{"ip":"::1","level":"info","message":"GET /api-docs/swagger-ui.css","params":{},"query":{},"timestamp":"2025-06-20T19:43:36.786Z"}
{"ip":"::1","level":"info","message":"GET /api-docs/swagger-ui-bundle.js","params":{},"query":{},"timestamp":"2025-06-20T19:43:36.805Z"}
{"ip":"::1","level":"info","message":"GET /api-docs/swagger-ui-standalone-preset.js","params":{},"query":{},"timestamp":"2025-06-20T19:43:36.808Z"}
{"ip":"::1","level":"info","message":"GET /api-docs/swagger-ui-init.js","params":{},"query":{},"timestamp":"2025-06-20T19:43:36.817Z"}
{"ip":"::1","level":"info","message":"GET /api-docs/favicon-32x32.png","params":{},"query":{},"timestamp":"2025-06-20T19:43:41.945Z"}
{"ip":"::1","level":"info","message":"GET /api/centers","params":{},"query":{},"timestamp":"2025-06-20T20:00:45.777Z"}
{"ip":"::1","level":"info","message":"Obteniendo centros de vacunación","timestamp":"2025-06-20T20:00:45.778Z"}
{"body":{"password":"123","username":"admin"},"ip":"::1","level":"info","message":"POST /api/users/login","params":{},"query":{},"timestamp":"2025-06-20T20:01:40.301Z"}
{"body":{"password":"123","username":"admin"},"ip":"::1","level":"info","message":"POST /api/users/login","params":{},"query":{},"timestamp":"2025-06-20T20:03:25.337Z"}
{"body":{"password":"123","username":"admin"},"ip":"::1","level":"info","message":"POST /api/users/login","params":{},"query":{},"timestamp":"2025-06-20T20:06:00.572Z"}
{"ip":"::1","level":"info","message":"GET /api-docs/","params":{},"query":{},"timestamp":"2025-06-20T20:09:21.460Z"}
{"ip":"::1","level":"info","message":"GET /api-docs/swagger-ui.css","params":{},"query":{},"timestamp":"2025-06-20T20:09:21.570Z"}
{"ip":"::1","level":"info","message":"GET /api-docs/swagger-ui-bundle.js","params":{},"query":{},"timestamp":"2025-06-20T20:09:21.578Z"}
{"ip":"::1","level":"info","message":"GET /api-docs/swagger-ui-standalone-preset.js","params":{},"query":{},"timestamp":"2025-06-20T20:09:21.579Z"}
{"ip":"::1","level":"info","message":"GET /api-docs/swagger-ui-init.js","params":{},"query":{},"timestamp":"2025-06-20T20:09:21.583Z"}
{"ip":"::1","level":"info","message":"GET /api-docs/favicon-32x32.png","params":{},"query":{},"timestamp":"2025-06-20T20:09:24.420Z"}
{"body":{"password":"123","username":"admin"},"ip":"::1","level":"info","message":"POST /api/users/login","params":{},"query":{},"timestamp":"2025-06-20T20:09:42.543Z"}
{"level":"info","message":"Server running on port 3000","timestamp":"2025-06-20T20:17:49.849Z"}
{"ip":"::1","level":"info","message":"GET /api-docs/","params":{},"query":{},"timestamp":"2025-06-20T20:17:54.627Z"}
{"ip":"::1","level":"info","message":"GET /api-docs/swagger-ui.css","params":{},"query":{},"timestamp":"2025-06-20T20:17:54.716Z"}
{"ip":"::1","level":"info","message":"GET /api-docs/swagger-ui-bundle.js","params":{},"query":{},"timestamp":"2025-06-20T20:17:54.722Z"}
{"ip":"::1","level":"info","message":"GET /api-docs/swagger-ui-standalone-preset.js","params":{},"query":{},"timestamp":"2025-06-20T20:17:54.723Z"}
{"ip":"::1","level":"info","message":"GET /api-docs/swagger-ui-init.js","params":{},"query":{},"timestamp":"2025-06-20T20:17:54.726Z"}
{"ip":"::1","level":"info","message":"GET /api-docs/favicon-32x32.png","params":{},"query":{},"timestamp":"2025-06-20T20:17:59.651Z"}
{"body":{"email":"user@example.com","id_centro":"1b5a552d-de96-4bc9-adef-0ecb98422926","nombre":"bill perez","password":"12345","rol":"administrador","telefono":"string","username":"bperez"},"ip":"::1","level":"info","message":"POST /api/users","params":{},"query":{},"timestamp":"2025-06-20T20:19:03.172Z"}
{"ip":"::1","level":"info","message":"GET /api/centers","params":{},"query":{},"timestamp":"2025-06-20T20:19:21.358Z"}
{"ip":"::1","level":"info","message":"Obteniendo centros de vacunación","timestamp":"2025-06-20T20:19:21.359Z"}
{"ip":"::1","level":"info","message":"GET /api/centers","params":{},"query":{},"timestamp":"2025-06-20T20:23:18.037Z"}
{"ip":"::1","level":"info","message":"Obteniendo centros de vacunación","timestamp":"2025-06-20T20:23:18.037Z"}
{"body":{"direccion":"Av. Independencia 257, Santo Domingo","director":"Dr. Juan Gómez","latitud":18.4824,"longitud":-69.9269,"nombre_centro":"Hospital Darío Contreras","nombre_corto":"HDC","sitio_web":"http://www.hospitaldariocontreras.do","telefono":"+1-809-532-0001"},"ip":"::1","level":"info","message":"POST /api/centers","params":{},"query":{},"timestamp":"2025-06-20T20:23:32.304Z"}
{"ip":"::1","level":"info","message":"Creando centro de vacunación","nombre":"Hospital Darío Contreras","timestamp":"2025-06-20T20:23:32.307Z"}
{"ip":"::1","level":"info","message":"GET /api/centers/BDD45F1D-1DF6-4036-874F-E8258D1BFFE1","params":{},"query":{},"timestamp":"2025-06-20T20:23:44.785Z"}
{"id":"BDD45F1D-1DF6-4036-874F-E8258D1BFFE1","ip":"::1","level":"info","message":"Obteniendo centro por ID","timestamp":"2025-06-20T20:23:44.786Z"}
{"body":{"direccion":"Av. Independencia 257, Santo Domingo","director":"Dr. Juan Gómez","latitud":18.4824,"longitud":-69.9269,"nombre_centro":"Hospital Darío Contreras","nombre_corto":"ADC","sitio_web":"http://www.hospitaldariocontreras.do","telefono":"+1-809-532-0001"},"ip":"::1","level":"info","message":"PUT /api/centers/BDD45F1D-1DF6-4036-874F-E8258D1BFFE1","params":{},"query":{},"timestamp":"2025-06-20T20:24:00.235Z"}
{"id":"BDD45F1D-1DF6-4036-874F-E8258D1BFFE1","ip":"::1","level":"info","message":"Actualizando centro","nombre":"Hospital Darío Contreras","timestamp":"2025-06-20T20:24:00.236Z"}
{"ip":"::1","level":"info","message":"GET /api/centers/BDD45F1D-1DF6-4036-874F-E8258D1BFFE1/children","params":{},"query":{},"timestamp":"2025-06-20T20:24:18.006Z"}
{"id":"BDD45F1D-1DF6-4036-874F-E8258D1BFFE1","ip":"::1","level":"info","message":"Obteniendo niños por centro","timestamp":"2025-06-20T20:24:18.007Z"}
{"error":"Invalid object name 'Ninos'.","id":"BDD45F1D-1DF6-4036-874F-E8258D1BFFE1","ip":"::1","level":"error","message":"Error al obtener niños","timestamp":"2025-06-20T20:24:18.315Z"}
{"error":"Invalid object name 'Ninos'.","ip":"::1","level":"error","message":"Error en la aplicación","method":"GET","stack":"RequestError: Invalid object name 'Ninos'.\n    at handleError (C:\\Users\\tiffa\\sistema-vacunacion-backend\\src\\node_modules\\mssql\\lib\\tedious\\request.js:738:15)\n    at Connection.emit (node:events:518:28)\n    at Connection.emit (C:\\Users\\tiffa\\sistema-vacunacion-backend\\src\\node_modules\\tedious\\lib\\connection.js:970:18)\n    at RequestTokenHandler.onErrorMessage (C:\\Users\\tiffa\\sistema-vacunacion-backend\\src\\node_modules\\tedious\\lib\\token\\handler.js:284:21)\n    at Readable.<anonymous> (C:\\Users\\tiffa\\sistema-vacunacion-backend\\src\\node_modules\\tedious\\lib\\token\\token-stream-parser.js:19:33)\n    at Readable.emit (node:events:518:28)\n    at addChunk (node:internal/streams/readable:561:12)\n    at readableAddChunkPushObjectMode (node:internal/streams/readable:538:3)\n    at Readable.push (node:internal/streams/readable:393:5)\n    at nextAsync (node:internal/streams/from:194:22)","timestamp":"2025-06-20T20:24:18.318Z","url":"/api/centers/BDD45F1D-1DF6-4036-874F-E8258D1BFFE1/children"}
{"ip":"::1","level":"info","message":"GET /api-docs/","params":{},"query":{},"timestamp":"2025-06-20T20:37:43.605Z"}
{"ip":"::1","level":"info","message":"GET /api-docs/swagger-ui.css","params":{},"query":{},"timestamp":"2025-06-20T20:37:43.828Z"}
{"ip":"::1","level":"info","message":"GET /api-docs/swagger-ui-bundle.js","params":{},"query":{},"timestamp":"2025-06-20T20:37:43.838Z"}
{"ip":"::1","level":"info","message":"GET /api-docs/swagger-ui-standalone-preset.js","params":{},"query":{},"timestamp":"2025-06-20T20:37:43.845Z"}
{"ip":"::1","level":"info","message":"GET /api-docs/swagger-ui-init.js","params":{},"query":{},"timestamp":"2025-06-20T20:37:43.846Z"}
{"ip":"::1","level":"info","message":"GET /api-docs/favicon-32x32.png","params":{},"query":{},"timestamp":"2025-06-20T20:37:47.393Z"}
{"body":{"email":"user@example.com","id_centro":"1B5A552D-DE96-4BC9-ADEF-0ECB98422926","nombre":"bill perez","password":"1234","rol":"administrador","telefono":"string","username":"aperez"},"ip":"::1","level":"info","message":"POST /api/users","params":{},"query":{},"timestamp":"2025-06-20T20:38:34.675Z"}
{"ip":"::1","level":"info","message":"GET /api-docs/","params":{},"query":{},"timestamp":"2025-06-20T20:38:58.772Z"}
{"ip":"::1","level":"info","message":"GET /api-docs/swagger-ui.css","params":{},"query":{},"timestamp":"2025-06-20T20:38:58.942Z"}
{"ip":"::1","level":"info","message":"GET /api-docs/swagger-ui-bundle.js","params":{},"query":{},"timestamp":"2025-06-20T20:38:58.949Z"}
{"ip":"::1","level":"info","message":"GET /api-docs/swagger-ui-standalone-preset.js","params":{},"query":{},"timestamp":"2025-06-20T20:38:58.950Z"}
{"ip":"::1","level":"info","message":"GET /api-docs/swagger-ui-init.js","params":{},"query":{},"timestamp":"2025-06-20T20:38:58.954Z"}
{"ip":"::1","level":"info","message":"GET /api-docs/favicon-32x32.png","params":{},"query":{},"timestamp":"2025-06-20T20:39:01.755Z"}
{"ip":"::1","level":"info","message":"GET /api-docs/","params":{},"query":{},"timestamp":"2025-06-20T20:39:36.833Z"}
{"ip":"::1","level":"info","message":"GET /api-docs/swagger-ui.css","params":{},"query":{},"timestamp":"2025-06-20T20:39:36.905Z"}
{"ip":"::1","level":"info","message":"GET /api-docs/swagger-ui-bundle.js","params":{},"query":{},"timestamp":"2025-06-20T20:39:36.913Z"}
{"ip":"::1","level":"info","message":"GET /api-docs/swagger-ui-standalone-preset.js","params":{},"query":{},"timestamp":"2025-06-20T20:39:36.914Z"}
{"ip":"::1","level":"info","message":"GET /api-docs/swagger-ui-init.js","params":{},"query":{},"timestamp":"2025-06-20T20:39:36.915Z"}
{"ip":"::1","level":"info","message":"GET /api-docs/favicon-32x32.png","params":{},"query":{},"timestamp":"2025-06-20T20:39:38.944Z"}
{"body":{"email":"user@example.com","id_centro":"3fa85f64-5717-4562-b3fc-2c963f66afa6","nombre":"string","password":"string","rol":"doctor","telefono":"string","username":"string"},"ip":"::1","level":"info","message":"POST /api/users","params":{},"query":{},"timestamp":"2025-06-20T20:39:47.180Z"}
{"ip":"::1","level":"info","message":"GET /api-docs/","params":{},"query":{},"timestamp":"2025-06-20T20:46:37.367Z"}
{"ip":"::1","level":"info","message":"GET /api-docs/swagger-ui.css","params":{},"query":{},"timestamp":"2025-06-20T20:46:37.485Z"}
{"ip":"::1","level":"info","message":"GET /api-docs/swagger-ui-bundle.js","params":{},"query":{},"timestamp":"2025-06-20T20:46:37.493Z"}
{"ip":"::1","level":"info","message":"GET /api-docs/swagger-ui-standalone-preset.js","params":{},"query":{},"timestamp":"2025-06-20T20:46:37.501Z"}
{"ip":"::1","level":"info","message":"GET /api-docs/swagger-ui-init.js","params":{},"query":{},"timestamp":"2025-06-20T20:46:37.502Z"}
{"ip":"::1","level":"info","message":"GET /api-docs/favicon-32x32.png","params":{},"query":{},"timestamp":"2025-06-20T20:46:40.138Z"}
{"body":{"email":"user@example.com","id_centro":"3fa85f64-5717-4562-b3fc-2c963f66afa6","nombre":"string","password":"string","rol":"doctor","telefono":"string","username":"string"},"ip":"::1","level":"info","message":"POST /api/users","params":{},"query":{},"timestamp":"2025-06-20T20:46:43.380Z"}
{"ip":"::1","level":"info","message":"GET /api-docs/","params":{},"query":{},"timestamp":"2025-06-20T20:48:15.588Z"}
{"ip":"::1","level":"info","message":"GET /api-docs/swagger-ui.css","params":{},"query":{},"timestamp":"2025-06-20T20:48:15.728Z"}
{"ip":"::1","level":"info","message":"GET /api-docs/swagger-ui-bundle.js","params":{},"query":{},"timestamp":"2025-06-20T20:48:15.733Z"}
{"ip":"::1","level":"info","message":"GET /api-docs/swagger-ui-standalone-preset.js","params":{},"query":{},"timestamp":"2025-06-20T20:48:15.736Z"}
{"ip":"::1","level":"info","message":"GET /api-docs/swagger-ui-init.js","params":{},"query":{},"timestamp":"2025-06-20T20:48:15.743Z"}
{"ip":"::1","level":"info","message":"GET /api-docs/favicon-32x32.png","params":{},"query":{},"timestamp":"2025-06-20T20:48:18.585Z"}
{"body":{"email":"user@example.com","id_centro":"3fa85f64-5717-4562-b3fc-2c963f66afa6","nombre":"string","password":"string","rol":"doctor","telefono":"string","username":"string"},"ip":"::1","level":"info","message":"POST /api/users","params":{},"query":{},"timestamp":"2025-06-20T20:48:31.855Z"}
{"ip":"::1","level":"info","message":"GET /api-docs/","params":{},"query":{},"timestamp":"2025-06-20T20:51:04.166Z"}
{"ip":"::1","level":"info","message":"GET /api-docs/swagger-ui.css","params":{},"query":{},"timestamp":"2025-06-20T20:51:04.175Z"}
{"ip":"::1","level":"info","message":"GET /api-docs/swagger-ui-bundle.js","params":{},"query":{},"timestamp":"2025-06-20T20:51:04.176Z"}
{"ip":"::1","level":"info","message":"GET /api-docs/swagger-ui-standalone-preset.js","params":{},"query":{},"timestamp":"2025-06-20T20:51:04.177Z"}
{"ip":"::1","level":"info","message":"GET /api-docs/swagger-ui-init.js","params":{},"query":{},"timestamp":"2025-06-20T20:51:04.178Z"}
{"ip":"::1","level":"info","message":"GET /api-docs/favicon-32x32.png","params":{},"query":{},"timestamp":"2025-06-20T20:51:04.746Z"}
{"ip":"::1","level":"info","message":"GET /api-docs/","params":{},"query":{},"timestamp":"2025-06-20T20:51:52.088Z"}
{"ip":"::1","level":"info","message":"GET /api-docs/swagger-ui.css","params":{},"query":{},"timestamp":"2025-06-20T20:51:52.096Z"}
{"ip":"::1","level":"info","message":"GET /api-docs/swagger-ui-bundle.js","params":{},"query":{},"timestamp":"2025-06-20T20:51:52.097Z"}
{"ip":"::1","level":"info","message":"GET /api-docs/swagger-ui-standalone-preset.js","params":{},"query":{},"timestamp":"2025-06-20T20:51:52.098Z"}
{"ip":"::1","level":"info","message":"GET /api-docs/swagger-ui-init.js","params":{},"query":{},"timestamp":"2025-06-20T20:51:52.099Z"}
{"body":{"email":"user@example.com","id_centro":"3fa85f64-5717-4562-b3fc-2c963f66afa6","nombre":"string","password":"string","rol":"doctor","telefono":"string","username":"string"},"ip":"::1","level":"info","message":"POST /api/users","params":{},"query":{},"timestamp":"2025-06-20T20:51:57.594Z"}
{"body":{"email":"user@example.com","id_centro":"3fa85f64-5717-4562-b3fc-2c963f66afa6","nombre":"string","password":"string","rol":"doctor","telefono":"string","username":"string"},"ip":"::1","level":"info","message":"POST /api/users","params":{},"query":{},"timestamp":"2025-06-20T20:52:14.273Z"}
{"body":{"email":"user@example.com","id_centro":"3fa85f64-5717-4562-b3fc-2c963f66afa6","nombre":"string","password":"string","rol":"doctor","telefono":"string","username":"string"},"ip":"::1","level":"info","message":"POST /api/users","params":{},"query":{},"timestamp":"2025-06-20T20:54:19.915Z"}
{"body":{"email":"user@example.com","id_centro":"3fa85f64-5717-4562-b3fc-2c963f66afa6","nombre":"string","password":"string","rol":"doctor","telefono":"string","username":"string"},"ip":"::1","level":"info","message":"POST /api/users","params":{},"query":{},"timestamp":"2025-06-20T20:54:57.007Z"}
{"ip":"::1","level":"info","message":"GET /api-docs/","params":{},"query":{},"timestamp":"2025-06-20T20:55:12.370Z"}
